mode: set
aken_reporting_service/api/routes/routes.go:17.51,39.41 9 0
aken_reporting_service/api/routes/routes.go:39.41,47.3 1 0
aken_reporting_service/api/routes/routes.go:50.2,50.39 1 0
aken_reporting_service/api/routes/routes.go:50.39,87.3 1 0
aken_reporting_service/api/routes/routes.go:91.91,93.2 2 0
aken_reporting_service/api/routes/routes.go:93.2,103.3 6 0
aken_reporting_service/api/routes/routes.go:106.2,107.2 2 0
aken_reporting_service/api/routes/routes.go:107.2,110.3 2 0
aken_reporting_service/api/routes/routes.go:113.2,114.2 2 0
aken_reporting_service/api/routes/routes.go:114.2,117.3 2 0
aken_reporting_service/api/routes/routes.go:120.2,121.2 2 0
aken_reporting_service/api/routes/routes.go:121.2,124.3 2 0
aken_reporting_service/api/routes/routes.go:128.59,129.30 1 0
aken_reporting_service/api/routes/routes.go:129.30,138.3 1 0
aken_reporting_service/internal/repositories/transaction_repository.go:35.66,37.2 1 0
aken_reporting_service/internal/repositories/transaction_repository.go:40.248,61.60 10 0
aken_reporting_service/internal/repositories/transaction_repository.go:61.60,63.3 1 0
aken_reporting_service/internal/repositories/transaction_repository.go:66.2,70.56 3 0
aken_reporting_service/internal/repositories/transaction_repository.go:70.56,72.3 1 0
aken_reporting_service/internal/repositories/transaction_repository.go:75.2,85.8 3 0
aken_reporting_service/internal/repositories/transaction_repository.go:89.167,96.56 5 0
aken_reporting_service/internal/repositories/transaction_repository.go:96.56,97.36 1 0
aken_reporting_service/internal/repositories/transaction_repository.go:97.36,99.4 1 0
aken_reporting_service/internal/repositories/transaction_repository.go:100.3,100.65 1 0
aken_reporting_service/internal/repositories/transaction_repository.go:104.2,106.26 2 0
aken_reporting_service/internal/repositories/transaction_repository.go:110.121,116.50 5 0
aken_reporting_service/internal/repositories/transaction_repository.go:116.50,118.3 1 0
aken_reporting_service/internal/repositories/transaction_repository.go:120.2,120.19 1 0
aken_reporting_service/internal/repositories/transaction_repository.go:124.138,155.51 5 0
aken_reporting_service/internal/repositories/transaction_repository.go:155.51,156.36 1 0
aken_reporting_service/internal/repositories/transaction_repository.go:156.36,161.4 1 0
aken_reporting_service/internal/repositories/transaction_repository.go:162.3,162.68 1 0
aken_reporting_service/internal/repositories/transaction_repository.go:165.2,174.26 2 0
aken_reporting_service/internal/repositories/transaction_repository.go:174.26,177.3 2 0
aken_reporting_service/internal/repositories/transaction_repository.go:179.2,179.27 1 0
aken_reporting_service/internal/repositories/transaction_repository.go:179.27,181.3 1 0
aken_reporting_service/internal/repositories/transaction_repository.go:182.2,182.27 1 0
aken_reporting_service/internal/repositories/transaction_repository.go:182.27,184.3 1 0
aken_reporting_service/internal/repositories/transaction_repository.go:186.2,186.21 1 0
aken_reporting_service/internal/repositories/transaction_repository.go:190.182,196.2 2 0
aken_reporting_service/internal/repositories/transaction_repository.go:199.109,200.22 1 0
aken_reporting_service/internal/repositories/transaction_repository.go:200.22,202.3 1 0
aken_reporting_service/internal/repositories/transaction_repository.go:204.2,212.14 3 0
aken_reporting_service/internal/repositories/transaction_repository.go:216.60,221.2 1 0
aken_reporting_service/internal/repositories/transaction_repository.go:224.112,228.24 3 0
aken_reporting_service/internal/repositories/transaction_repository.go:228.24,230.3 1 0
aken_reporting_service/internal/repositories/transaction_repository.go:232.2,232.31 1 0
aken_reporting_service/internal/repositories/transaction_repository.go:232.31,233.16 1 0
aken_reporting_service/internal/repositories/transaction_repository.go:234.14,235.83 1 0
aken_reporting_service/internal/repositories/transaction_repository.go:236.23,237.160 1 0
aken_reporting_service/internal/repositories/transaction_repository.go:238.22,239.114 1 0
aken_reporting_service/internal/repositories/transaction_repository.go:240.11,241.63 1 0
aken_reporting_service/internal/repositories/transaction_repository.go:241.63,243.5 1 0
aken_reporting_service/internal/repositories/transaction_repository.go:243.10,245.5 1 0
aken_reporting_service/internal/repositories/transaction_repository.go:249.2,249.43 1 0
aken_reporting_service/internal/repositories/transaction_repository.go:253.105,254.19 1 0
aken_reporting_service/internal/repositories/transaction_repository.go:254.19,256.3 1 0
aken_reporting_service/internal/repositories/transaction_repository.go:258.2,258.28 1 0
aken_reporting_service/internal/repositories/transaction_repository.go:258.28,260.3 1 0
aken_reporting_service/internal/repositories/transaction_repository.go:262.2,262.32 1 0
aken_reporting_service/internal/repositories/transaction_repository.go:262.32,264.3 1 0
aken_reporting_service/internal/repositories/transaction_repository.go:266.2,266.32 1 0
aken_reporting_service/internal/repositories/transaction_repository.go:266.32,268.3 1 0
aken_reporting_service/internal/repositories/transaction_repository.go:270.2,270.30 1 0
aken_reporting_service/internal/repositories/transaction_repository.go:270.30,272.3 1 0
aken_reporting_service/internal/repositories/transaction_repository.go:274.2,274.32 1 0
aken_reporting_service/internal/repositories/transaction_repository.go:274.32,276.3 1 0
aken_reporting_service/internal/repositories/transaction_repository.go:278.2,278.29 1 0
aken_reporting_service/internal/repositories/transaction_repository.go:278.29,280.3 1 0
aken_reporting_service/internal/repositories/transaction_repository.go:282.2,282.29 1 0
aken_reporting_service/internal/repositories/transaction_repository.go:282.29,284.3 1 0
aken_reporting_service/internal/repositories/transaction_repository.go:286.2,286.29 1 0
aken_reporting_service/internal/repositories/transaction_repository.go:286.29,289.28 2 0
aken_reporting_service/internal/repositories/transaction_repository.go:290.18,291.16 1 0
aken_reporting_service/internal/repositories/transaction_repository.go:292.19,293.16 1 0
aken_reporting_service/internal/repositories/transaction_repository.go:294.15,295.16 1 0
aken_reporting_service/internal/repositories/transaction_repository.go:296.17,297.16 1 0
aken_reporting_service/internal/repositories/transaction_repository.go:298.22,299.16 1 0
aken_reporting_service/internal/repositories/transaction_repository.go:300.20,301.17 1 0
aken_reporting_service/internal/repositories/transaction_repository.go:303.3,303.19 1 0
aken_reporting_service/internal/repositories/transaction_repository.go:303.19,305.4 1 0
aken_reporting_service/internal/repositories/transaction_repository.go:308.2,308.14 1 0
aken_reporting_service/internal/repositories/transaction_repository.go:312.97,313.20 1 0
aken_reporting_service/internal/repositories/transaction_repository.go:313.20,316.3 1 0
aken_reporting_service/internal/repositories/transaction_repository.go:318.2,318.25 1 0
aken_reporting_service/internal/repositories/transaction_repository.go:318.25,320.45 2 0
aken_reporting_service/internal/repositories/transaction_repository.go:320.45,322.4 1 0
aken_reporting_service/internal/repositories/transaction_repository.go:324.3,324.64 1 0
aken_reporting_service/internal/repositories/transaction_repository.go:324.64,326.4 1 0
aken_reporting_service/internal/repositories/transaction_repository.go:326.9,328.4 1 0
aken_reporting_service/internal/repositories/transaction_repository.go:331.2,331.14 1 0
aken_reporting_service/internal/repositories/transaction_repository.go:335.92,336.30 1 0
aken_reporting_service/internal/repositories/transaction_repository.go:336.30,346.21 4 0
aken_reporting_service/internal/repositories/transaction_repository.go:346.21,349.57 2 0
aken_reporting_service/internal/repositories/transaction_repository.go:349.57,350.63 1 0
aken_reporting_service/internal/repositories/transaction_repository.go:350.63,352.6 1 0
aken_reporting_service/internal/repositories/transaction_repository.go:359.100,364.56 2 0
aken_reporting_service/internal/repositories/transaction_repository.go:364.56,365.52 1 0
aken_reporting_service/internal/repositories/transaction_repository.go:365.52,366.61 1 0
aken_reporting_service/internal/repositories/transaction_repository.go:366.61,367.55 1 0
aken_reporting_service/internal/repositories/transaction_repository.go:367.55,368.56 1 0
aken_reporting_service/internal/repositories/transaction_repository.go:368.56,369.38 1 0
aken_reporting_service/internal/repositories/transaction_repository.go:369.38,371.8 1 0
aken_reporting_service/internal/repositories/transaction_repository.go:378.2,378.15 1 0
aken_reporting_service/internal/repositories/transaction_repository.go:382.99,383.58 1 0
aken_reporting_service/internal/repositories/transaction_repository.go:383.58,385.48 1 0
aken_reporting_service/internal/repositories/transaction_repository.go:385.48,386.56 1 0
aken_reporting_service/internal/repositories/transaction_repository.go:386.56,387.39 1 0
aken_reporting_service/internal/repositories/transaction_repository.go:387.39,388.19 1 0
aken_reporting_service/internal/repositories/transaction_repository.go:389.25,390.43 1 0
aken_reporting_service/internal/repositories/transaction_repository.go:390.43,392.8 1 0
aken_reporting_service/internal/repositories/transaction_repository.go:393.27,394.43 1 0
aken_reporting_service/internal/repositories/transaction_repository.go:394.43,396.8 1 0
aken_reporting_service/internal/repositories/transaction_repository.go:403.3,403.55 1 0
aken_reporting_service/internal/repositories/transaction_repository.go:403.55,404.63 1 0
aken_reporting_service/internal/repositories/transaction_repository.go:404.63,405.40 1 0
aken_reporting_service/internal/repositories/transaction_repository.go:405.40,406.27 1 0
aken_reporting_service/internal/repositories/transaction_repository.go:406.27,407.61 1 0
aken_reporting_service/internal/repositories/transaction_repository.go:407.61,408.50 1 0
aken_reporting_service/internal/repositories/transaction_repository.go:408.50,409.44 1 0
aken_reporting_service/internal/repositories/transaction_repository.go:409.44,412.10 2 0
aken_reporting_service/internal/repositories/transaction_repository.go:414.8,414.50 1 0
aken_reporting_service/internal/repositories/transaction_repository.go:414.50,415.44 1 0
aken_reporting_service/internal/repositories/transaction_repository.go:415.44,418.10 2 0
aken_reporting_service/internal/database/db.go:16.18,37.16 5 0
aken_reporting_service/internal/database/db.go:37.16,39.3 1 0
aken_reporting_service/internal/database/db.go:41.2,44.41 2 0
aken_reporting_service/internal/database/db.go:44.41,46.3 1 0
aken_reporting_service/internal/database/db.go:48.2,48.52 1 0
aken_reporting_service/internal/database/db.go:52.29,55.16 3 0
aken_reporting_service/internal/database/db.go:55.16,57.3 1 0
aken_reporting_service/internal/database/db.go:60.2,61.92 2 0
aken_reporting_service/internal/database/db.go:61.92,63.3 1 0
aken_reporting_service/internal/database/db.go:65.2,65.97 1 0
aken_reporting_service/internal/database/db.go:65.97,67.3 1 0
aken_reporting_service/internal/database/db.go:69.2,70.12 2 0
aken_reporting_service/internal/database/db.go:74.55,75.42 1 0
aken_reporting_service/internal/database/db.go:75.42,77.3 1 0
aken_reporting_service/internal/database/db.go:78.2,78.21 1 0
aken_reporting_service/internal/database/db.go:84.55,87.2 1 0
aken_reporting_service/internal/database/db.go:89.58,91.2 1 0
aken_reporting_service/internal/database/db.go:93.66,95.2 1 0
aken_reporting_service/internal/database/db.go:97.65,99.2 1 0
aken_reporting_service/internal/database/db.go:101.86,103.2 1 0
aken_reporting_service/internal/database/db.go:105.67,107.2 1 0
aken_reporting_service/internal/database/db.go:109.65,111.2 1 0
aken_reporting_service/internal/models/transaction.go:35.39,37.2 1 1
aken_reporting_service/internal/models/transaction.go:40.46,41.16 1 1
aken_reporting_service/internal/models/transaction.go:42.11,43.19 1 1
aken_reporting_service/internal/models/transaction.go:44.11,45.20 1 1
aken_reporting_service/internal/models/transaction.go:46.11,47.16 1 1
aken_reporting_service/internal/models/transaction.go:48.11,49.18 1 1
aken_reporting_service/internal/models/transaction.go:50.11,51.23 1 1
aken_reporting_service/internal/models/transaction.go:52.12,53.21 1 1
aken_reporting_service/internal/models/transaction.go:54.10,55.19 1 1
aken_reporting_service/internal/models/transaction.go:60.41,62.2 1 1
aken_reporting_service/internal/models/transaction.go:82.36,84.2 1 1
aken_reporting_service/internal/models/transaction.go:96.34,98.2 1 1
aken_reporting_service/internal/models/transaction.go:110.36,112.2 1 1
aken_reporting_service/internal/config/config.go:12.16,13.40 1 0
aken_reporting_service/internal/config/config.go:13.40,16.3 2 0
aken_reporting_service/internal/config/config.go:16.8,18.3 1 0
aken_reporting_service/internal/config/config.go:22.30,29.16 6 0
aken_reporting_service/internal/config/config.go:29.16,31.3 1 0
aken_reporting_service/internal/config/config.go:32.2,32.16 1 0
aken_reporting_service/internal/config/config.go:32.16,34.3 1 0
aken_reporting_service/internal/config/config.go:35.2,35.16 1 0
aken_reporting_service/internal/config/config.go:35.16,37.3 1 0
aken_reporting_service/internal/config/config.go:38.2,38.20 1 0
aken_reporting_service/internal/config/config.go:38.20,40.3 1 0
aken_reporting_service/internal/config/config.go:41.2,41.18 1 0
aken_reporting_service/internal/config/config.go:41.18,43.3 1 0
aken_reporting_service/internal/config/config.go:45.2,46.38 1 0
aken_reporting_service/internal/config/config.go:50.23,52.16 2 0
aken_reporting_service/internal/config/config.go:52.16,54.3 1 0
aken_reporting_service/internal/config/config.go:55.2,55.13 1 0
aken_reporting_service/internal/config/config.go:59.23,61.2 1 0
aken_reporting_service/internal/middleware/auth.go:17.39,18.46 1 1
aken_reporting_service/internal/middleware/auth.go:18.46,20.25 1 1
aken_reporting_service/internal/middleware/auth.go:20.25,28.4 7 0
aken_reporting_service/internal/middleware/auth.go:31.3,32.23 2 1
aken_reporting_service/internal/middleware/auth.go:32.23,35.4 2 1
aken_reporting_service/internal/middleware/auth.go:38.3,38.47 1 1
aken_reporting_service/internal/middleware/auth.go:38.47,41.4 2 1
aken_reporting_service/internal/middleware/auth.go:44.3,46.17 3 1
aken_reporting_service/internal/middleware/auth.go:46.17,49.4 2 1
aken_reporting_service/internal/middleware/auth.go:52.3,53.32 2 1
aken_reporting_service/internal/middleware/auth.go:53.32,56.4 2 1
aken_reporting_service/internal/middleware/auth.go:58.3,62.45 3 1
aken_reporting_service/internal/middleware/auth.go:62.45,65.4 2 1
aken_reporting_service/internal/middleware/auth.go:68.3,74.11 6 1
aken_reporting_service/internal/middleware/auth.go:79.44,80.46 1 1
aken_reporting_service/internal/middleware/auth.go:80.46,82.22 2 1
aken_reporting_service/internal/middleware/auth.go:82.22,85.4 2 1
aken_reporting_service/internal/middleware/auth.go:86.3,87.11 2 1
aken_reporting_service/internal/middleware/auth.go:92.50,93.46 1 1
aken_reporting_service/internal/middleware/auth.go:93.46,97.54 3 1
aken_reporting_service/internal/middleware/auth.go:97.54,98.40 1 1
aken_reporting_service/internal/middleware/auth.go:98.40,100.5 1 1
aken_reporting_service/internal/middleware/auth.go:104.3,109.11 5 1
aken_reporting_service/internal/middleware/auth.go:114.39,115.46 1 0
aken_reporting_service/internal/middleware/auth.go:115.46,126.25 3 0
aken_reporting_service/internal/middleware/auth.go:126.25,128.4 1 0
aken_reporting_service/internal/middleware/auth.go:128.9,129.49 1 0
aken_reporting_service/internal/middleware/auth.go:129.49,130.32 1 0
aken_reporting_service/internal/middleware/auth.go:130.32,132.11 2 0
aken_reporting_service/internal/middleware/auth.go:137.3,143.36 5 0
aken_reporting_service/internal/middleware/auth.go:143.36,146.4 2 0
aken_reporting_service/internal/middleware/auth.go:148.3,148.11 1 0
aken_reporting_service/internal/middleware/auth.go:154.52,164.2 2 1
aken_reporting_service/internal/middleware/auth.go:168.56,170.58 1 1
aken_reporting_service/internal/middleware/auth.go:170.58,172.3 1 1
aken_reporting_service/internal/middleware/auth.go:176.2,176.64 1 1
aken_reporting_service/internal/middleware/auth.go:176.64,178.3 1 1
aken_reporting_service/internal/middleware/auth.go:180.2,180.14 1 1
aken_reporting_service/internal/middleware/auth.go:185.48,192.55 2 1
aken_reporting_service/internal/middleware/auth.go:192.55,194.3 1 1
aken_reporting_service/internal/middleware/auth.go:196.2,196.27 1 1
aken_reporting_service/internal/services/transaction_service.go:47.99,51.2 1 1
aken_reporting_service/internal/services/transaction_service.go:54.131,56.21 1 0
aken_reporting_service/internal/services/transaction_service.go:56.21,58.3 1 0
aken_reporting_service/internal/services/transaction_service.go:59.2,59.39 1 0
aken_reporting_service/internal/services/transaction_service.go:59.39,61.3 1 0
aken_reporting_service/internal/services/transaction_service.go:62.2,62.39 1 0
aken_reporting_service/internal/services/transaction_service.go:62.39,64.3 1 0
aken_reporting_service/internal/services/transaction_service.go:65.2,65.27 1 0
aken_reporting_service/internal/services/transaction_service.go:65.27,67.3 1 0
aken_reporting_service/internal/services/transaction_service.go:68.2,68.28 1 0
aken_reporting_service/internal/services/transaction_service.go:68.28,70.3 1 0
aken_reporting_service/internal/services/transaction_service.go:71.2,71.29 1 0
aken_reporting_service/internal/services/transaction_service.go:71.29,73.3 1 0
aken_reporting_service/internal/services/transaction_service.go:76.2,76.56 1 0
aken_reporting_service/internal/services/transaction_service.go:76.56,78.3 1 0
aken_reporting_service/internal/services/transaction_service.go:80.2,94.16 3 0
aken_reporting_service/internal/services/transaction_service.go:94.16,96.3 1 0
aken_reporting_service/internal/services/transaction_service.go:98.2,106.8 1 0
aken_reporting_service/internal/services/transaction_service.go:110.164,111.22 1 0
aken_reporting_service/internal/services/transaction_service.go:111.22,113.3 1 0
aken_reporting_service/internal/services/transaction_service.go:114.2,114.20 1 0
aken_reporting_service/internal/services/transaction_service.go:114.20,116.3 1 0
aken_reporting_service/internal/services/transaction_service.go:117.2,117.21 1 0
aken_reporting_service/internal/services/transaction_service.go:117.21,119.3 1 0
aken_reporting_service/internal/services/transaction_service.go:122.2,122.49 1 0
aken_reporting_service/internal/services/transaction_service.go:122.49,124.3 1 0
aken_reporting_service/internal/services/transaction_service.go:126.2,127.16 2 0
aken_reporting_service/internal/services/transaction_service.go:127.16,129.3 1 0
aken_reporting_service/internal/services/transaction_service.go:131.2,131.25 1 0
aken_reporting_service/internal/services/transaction_service.go:135.182,137.35 1 0
aken_reporting_service/internal/services/transaction_service.go:137.35,139.3 1 0
aken_reporting_service/internal/services/transaction_service.go:140.2,140.53 1 0
aken_reporting_service/internal/services/transaction_service.go:140.53,142.3 1 0
aken_reporting_service/internal/services/transaction_service.go:143.2,143.53 1 0
aken_reporting_service/internal/services/transaction_service.go:143.53,145.3 1 0
aken_reporting_service/internal/services/transaction_service.go:146.2,146.32 1 0
aken_reporting_service/internal/services/transaction_service.go:146.32,148.3 1 0
aken_reporting_service/internal/services/transaction_service.go:149.2,149.20 1 0
aken_reporting_service/internal/services/transaction_service.go:149.20,151.3 1 0
aken_reporting_service/internal/services/transaction_service.go:152.2,152.21 1 0
aken_reporting_service/internal/services/transaction_service.go:152.21,154.3 1 0
aken_reporting_service/internal/services/transaction_service.go:157.2,157.59 1 0
aken_reporting_service/internal/services/transaction_service.go:157.59,159.3 1 0
aken_reporting_service/internal/services/transaction_service.go:161.2,162.16 2 0
aken_reporting_service/internal/services/transaction_service.go:162.16,164.3 1 0
aken_reporting_service/internal/services/transaction_service.go:166.2,174.8 1 0
aken_reporting_service/internal/services/transaction_service.go:178.135,180.16 2 0
aken_reporting_service/internal/services/transaction_service.go:180.16,182.3 1 0
aken_reporting_service/internal/services/transaction_service.go:184.2,184.21 1 0
aken_reporting_service/internal/services/transaction_service.go:188.116,189.24 1 0
aken_reporting_service/internal/services/transaction_service.go:189.24,191.3 1 0
aken_reporting_service/internal/services/transaction_service.go:193.2,198.39 3 0
aken_reporting_service/internal/services/transaction_service.go:198.39,200.22 2 0
aken_reporting_service/internal/services/transaction_service.go:200.22,201.12 1 0
aken_reporting_service/internal/services/transaction_service.go:205.3,206.44 2 0
aken_reporting_service/internal/services/transaction_service.go:206.44,207.93 1 0
aken_reporting_service/internal/services/transaction_service.go:207.93,209.5 1 0
aken_reporting_service/internal/services/transaction_service.go:213.2,213.20 1 0
aken_reporting_service/internal/services/transaction_service.go:217.120,219.20 2 0
aken_reporting_service/internal/services/transaction_service.go:219.20,221.3 1 0
aken_reporting_service/internal/services/transaction_service.go:223.2,228.60 4 0
aken_reporting_service/internal/services/transaction_service.go:228.60,230.3 1 0
aken_reporting_service/internal/services/transaction_service.go:232.2,232.15 1 0
aken_reporting_service/internal/services/transaction_service.go:233.21,234.23 1 0
aken_reporting_service/internal/services/transaction_service.go:234.23,236.4 1 0
aken_reporting_service/internal/services/transaction_service.go:237.19,238.23 1 0
aken_reporting_service/internal/services/transaction_service.go:238.23,240.4 1 0
aken_reporting_service/internal/services/transaction_service.go:241.23,242.23 1 0
aken_reporting_service/internal/services/transaction_service.go:242.23,244.4 1 0
aken_reporting_service/internal/services/transaction_service.go:245.23,246.23 1 0
aken_reporting_service/internal/services/transaction_service.go:246.23,248.4 1 0
aken_reporting_service/internal/services/transaction_service.go:249.21,250.23 1 0
aken_reporting_service/internal/services/transaction_service.go:250.23,252.4 1 0
aken_reporting_service/internal/services/transaction_service.go:253.16,254.57 1 0
aken_reporting_service/internal/services/transaction_service.go:255.22,256.65 1 0
aken_reporting_service/internal/services/transaction_service.go:257.10,258.59 1 0
aken_reporting_service/internal/services/transaction_service.go:261.2,261.12 1 0
aken_reporting_service/internal/services/transaction_service.go:265.115,266.18 1 0
aken_reporting_service/internal/services/transaction_service.go:267.13,268.52 1 0
aken_reporting_service/internal/services/transaction_service.go:268.52,270.4 1 0
aken_reporting_service/internal/services/transaction_service.go:270.9,272.4 1 0
aken_reporting_service/internal/services/transaction_service.go:273.13,274.52 1 0
aken_reporting_service/internal/services/transaction_service.go:274.52,276.4 1 0
aken_reporting_service/internal/services/transaction_service.go:276.9,278.4 1 0
aken_reporting_service/internal/services/transaction_service.go:279.17,281.22 2 0
aken_reporting_service/internal/services/transaction_service.go:281.22,283.4 1 0
aken_reporting_service/internal/services/transaction_service.go:284.3,284.71 1 0
aken_reporting_service/internal/services/transaction_service.go:284.71,286.4 1 0
aken_reporting_service/internal/services/transaction_service.go:286.9,288.4 1 0
aken_reporting_service/internal/services/transaction_service.go:289.3,289.71 1 0
aken_reporting_service/internal/services/transaction_service.go:289.71,291.4 1 0
aken_reporting_service/internal/services/transaction_service.go:291.9,293.4 1 0
aken_reporting_service/internal/services/transaction_service.go:296.2,296.12 1 0
aken_reporting_service/internal/services/transaction_service.go:300.130,301.18 1 0
aken_reporting_service/internal/services/transaction_service.go:302.13,303.52 1 0
aken_reporting_service/internal/services/transaction_service.go:303.52,305.4 1 0
aken_reporting_service/internal/services/transaction_service.go:305.9,307.4 1 0
aken_reporting_service/internal/services/transaction_service.go:308.13,309.52 1 0
aken_reporting_service/internal/services/transaction_service.go:309.52,311.4 1 0
aken_reporting_service/internal/services/transaction_service.go:311.9,313.4 1 0
aken_reporting_service/internal/services/transaction_service.go:314.17,316.22 2 0
aken_reporting_service/internal/services/transaction_service.go:316.22,318.4 1 0
aken_reporting_service/internal/services/transaction_service.go:319.3,319.74 1 0
aken_reporting_service/internal/services/transaction_service.go:319.74,321.4 1 0
aken_reporting_service/internal/services/transaction_service.go:321.9,323.4 1 0
aken_reporting_service/internal/services/transaction_service.go:324.3,324.72 1 0
aken_reporting_service/internal/services/transaction_service.go:324.72,326.4 1 0
aken_reporting_service/internal/services/transaction_service.go:326.9,328.4 1 0
aken_reporting_service/internal/services/transaction_service.go:331.2,331.12 1 0
aken_reporting_service/internal/services/transaction_service.go:335.88,336.22 1 0
aken_reporting_service/internal/services/transaction_service.go:336.22,338.3 1 0
aken_reporting_service/internal/services/transaction_service.go:340.2,343.29 3 0
aken_reporting_service/internal/services/transaction_service.go:343.29,345.17 2 0
aken_reporting_service/internal/services/transaction_service.go:345.17,346.12 1 0
aken_reporting_service/internal/services/transaction_service.go:349.3,353.30 4 0
aken_reporting_service/internal/services/transaction_service.go:353.30,355.4 1 0
aken_reporting_service/internal/services/transaction_service.go:357.3,357.48 1 0
aken_reporting_service/internal/services/transaction_service.go:357.48,359.4 1 0
aken_reporting_service/internal/services/transaction_service.go:362.3,362.83 1 0
aken_reporting_service/internal/services/transaction_service.go:362.83,364.4 1 0
aken_reporting_service/internal/services/transaction_service.go:366.3,369.5 1 0
aken_reporting_service/internal/services/transaction_service.go:372.2,372.24 1 0
aken_reporting_service/internal/services/transaction_service.go:376.68,378.42 2 0
aken_reporting_service/internal/services/transaction_service.go:378.42,380.3 1 0
aken_reporting_service/internal/services/transaction_service.go:383.2,387.31 4 0
aken_reporting_service/internal/services/transaction_service.go:387.31,388.26 1 0
aken_reporting_service/internal/services/transaction_service.go:388.26,390.4 1 0
aken_reporting_service/internal/services/transaction_service.go:393.2,393.12 1 0
aken_reporting_service/internal/services/transaction_service.go:398.47,400.34 1 0
aken_reporting_service/internal/services/transaction_service.go:400.34,402.61 2 0
aken_reporting_service/internal/services/transaction_service.go:402.61,404.4 1 0
aken_reporting_service/internal/services/transaction_service.go:405.3,405.34 1 0
aken_reporting_service/internal/services/transaction_service.go:408.2,409.60 2 0
aken_reporting_service/internal/services/transaction_service.go:409.60,411.3 1 0
aken_reporting_service/internal/services/transaction_service.go:412.2,412.20 1 0
aken_reporting_service/internal/services/transaction_service.go:415.53,426.33 2 0
aken_reporting_service/internal/services/transaction_service.go:426.33,427.54 1 0
aken_reporting_service/internal/services/transaction_service.go:427.54,429.4 1 0
aken_reporting_service/internal/services/transaction_service.go:432.2,432.70 1 0
aken_reporting_service/internal/handlers/transaction_handler.go:21.96,25.2 1 0
aken_reporting_service/internal/handlers/transaction_handler.go:28.62,30.22 2 0
aken_reporting_service/internal/handlers/transaction_handler.go:30.22,33.3 2 0
aken_reporting_service/internal/handlers/transaction_handler.go:36.2,46.28 9 0
aken_reporting_service/internal/handlers/transaction_handler.go:46.28,49.3 2 0
aken_reporting_service/internal/handlers/transaction_handler.go:51.2,52.59 2 0
aken_reporting_service/internal/handlers/transaction_handler.go:52.59,55.3 2 0
aken_reporting_service/internal/handlers/transaction_handler.go:58.2,59.23 2 0
aken_reporting_service/internal/handlers/transaction_handler.go:59.23,61.3 1 0
aken_reporting_service/internal/handlers/transaction_handler.go:64.2,65.16 2 0
aken_reporting_service/internal/handlers/transaction_handler.go:65.16,68.3 2 0
aken_reporting_service/internal/handlers/transaction_handler.go:71.2,72.16 2 0
aken_reporting_service/internal/handlers/transaction_handler.go:72.16,75.3 2 0
aken_reporting_service/internal/handlers/transaction_handler.go:78.2,90.16 3 0
aken_reporting_service/internal/handlers/transaction_handler.go:90.16,93.3 2 0
aken_reporting_service/internal/handlers/transaction_handler.go:96.2,115.33 2 0
aken_reporting_service/internal/handlers/transaction_handler.go:119.65,121.22 2 0
aken_reporting_service/internal/handlers/transaction_handler.go:121.22,124.3 2 0
aken_reporting_service/internal/handlers/transaction_handler.go:126.2,127.25 2 0
aken_reporting_service/internal/handlers/transaction_handler.go:127.25,130.3 2 0
aken_reporting_service/internal/handlers/transaction_handler.go:132.2,137.23 5 0
aken_reporting_service/internal/handlers/transaction_handler.go:137.23,139.3 1 0
aken_reporting_service/internal/handlers/transaction_handler.go:141.2,142.16 2 0
aken_reporting_service/internal/handlers/transaction_handler.go:142.16,145.3 2 0
aken_reporting_service/internal/handlers/transaction_handler.go:147.2,147.24 1 0
aken_reporting_service/internal/handlers/transaction_handler.go:147.24,150.3 2 0
aken_reporting_service/internal/handlers/transaction_handler.go:152.2,160.33 2 0
aken_reporting_service/internal/handlers/transaction_handler.go:164.72,166.22 2 0
aken_reporting_service/internal/handlers/transaction_handler.go:166.22,169.3 2 0
aken_reporting_service/internal/handlers/transaction_handler.go:171.2,172.53 2 0
aken_reporting_service/internal/handlers/transaction_handler.go:172.53,175.3 2 0
aken_reporting_service/internal/handlers/transaction_handler.go:177.2,181.16 4 0
aken_reporting_service/internal/handlers/transaction_handler.go:181.16,184.3 2 0
aken_reporting_service/internal/handlers/transaction_handler.go:187.2,188.35 2 0
aken_reporting_service/internal/handlers/transaction_handler.go:188.35,190.66 1 0
aken_reporting_service/internal/handlers/transaction_handler.go:190.66,192.43 2 0
aken_reporting_service/internal/handlers/transaction_handler.go:192.43,194.5 1 0
aken_reporting_service/internal/handlers/transaction_handler.go:195.4,195.79 1 0
aken_reporting_service/internal/handlers/transaction_handler.go:198.3,198.64 1 0
aken_reporting_service/internal/handlers/transaction_handler.go:198.64,199.36 1 0
aken_reporting_service/internal/handlers/transaction_handler.go:199.36,201.44 2 0
aken_reporting_service/internal/handlers/transaction_handler.go:201.44,203.6 1 0
aken_reporting_service/internal/handlers/transaction_handler.go:204.5,205.76 2 0
aken_reporting_service/internal/handlers/transaction_handler.go:206.10,208.5 1 0
aken_reporting_service/internal/handlers/transaction_handler.go:212.2,227.33 2 0
aken_reporting_service/internal/handlers/transaction_handler.go:231.65,233.22 2 0
aken_reporting_service/internal/handlers/transaction_handler.go:233.22,236.3 2 0
aken_reporting_service/internal/handlers/transaction_handler.go:238.2,239.31 2 0
aken_reporting_service/internal/handlers/transaction_handler.go:239.31,242.3 2 0
aken_reporting_service/internal/handlers/transaction_handler.go:245.2,245.39 1 0
aken_reporting_service/internal/handlers/transaction_handler.go:245.39,248.3 2 0
aken_reporting_service/internal/handlers/transaction_handler.go:251.2,253.16 3 0
aken_reporting_service/internal/handlers/transaction_handler.go:253.16,256.3 2 0
aken_reporting_service/internal/handlers/transaction_handler.go:258.2,259.16 2 0
aken_reporting_service/internal/handlers/transaction_handler.go:259.16,262.3 2 0
aken_reporting_service/internal/handlers/transaction_handler.go:264.2,287.33 2 0
aken_reporting_service/internal/handlers/transaction_handler.go:291.70,296.26 3 0
aken_reporting_service/internal/handlers/transaction_handler.go:296.26,298.3 1 0
aken_reporting_service/internal/handlers/transaction_handler.go:298.8,300.3 1 0
aken_reporting_service/internal/handlers/transaction_handler.go:303.2,303.22 1 0
aken_reporting_service/internal/handlers/transaction_handler.go:308.128,318.20 2 1
aken_reporting_service/internal/handlers/transaction_handler.go:318.20,320.3 1 1
aken_reporting_service/internal/handlers/transaction_handler.go:322.2,322.30 1 1
aken_reporting_service/internal/handlers/transaction_handler.go:325.109,339.21 6 0
aken_reporting_service/internal/handlers/transaction_handler.go:339.21,341.3 1 0
aken_reporting_service/internal/handlers/transaction_handler.go:341.8,343.3 1 0
aken_reporting_service/internal/handlers/transaction_handler.go:345.2,345.30 1 0
aken_reporting_service/internal/handlers/transaction_handler.go:345.30,347.3 1 0
aken_reporting_service/internal/handlers/transaction_handler.go:347.8,349.3 1 0
aken_reporting_service/internal/handlers/transaction_handler.go:351.2,351.14 1 0
aken_reporting_service/internal/handlers/transaction_handler.go:354.55,355.17 1 0
aken_reporting_service/internal/handlers/transaction_handler.go:355.17,357.3 1 0
aken_reporting_service/internal/handlers/transaction_handler.go:358.2,358.59 1 0
aken_reporting_service/internal/handlers/transaction_handler.go:361.43,362.55 1 1
aken_reporting_service/internal/handlers/transaction_handler.go:362.55,363.40 1 1
aken_reporting_service/internal/handlers/transaction_handler.go:363.40,365.4 1 1
aken_reporting_service/internal/handlers/transaction_handler.go:367.2,367.56 1 1
aken_reporting_service/internal/handlers/transaction_handler.go:367.56,368.40 1 0
aken_reporting_service/internal/handlers/transaction_handler.go:368.40,370.4 1 0
aken_reporting_service/internal/handlers/transaction_handler.go:372.2,372.11 1 1
aken_reporting_service/internal/handlers/transaction_handler.go:375.42,377.21 2 1
aken_reporting_service/internal/handlers/transaction_handler.go:377.21,379.3 1 1
aken_reporting_service/internal/handlers/transaction_handler.go:380.2,380.18 1 1
aken_reporting_service/internal/handlers/transaction_handler.go:383.39,384.26 1 0
aken_reporting_service/internal/handlers/transaction_handler.go:384.26,386.3 1 0
aken_reporting_service/internal/handlers/transaction_handler.go:387.2,387.62 1 0
aken_reporting_service/internal/handlers/transaction_handler.go:387.62,389.3 1 0
aken_reporting_service/internal/handlers/transaction_handler.go:390.2,390.15 1 0
aken_reporting_service/internal/handlers/transaction_handler.go:393.49,396.29 3 1
aken_reporting_service/internal/handlers/transaction_handler.go:396.29,397.56 1 1
aken_reporting_service/internal/handlers/transaction_handler.go:397.56,399.4 1 1
aken_reporting_service/internal/handlers/transaction_handler.go:401.2,401.15 1 1
aken_reporting_service/main.go:19.13,50.27 16 0
aken_reporting_service/main.go:50.27,53.30 2 0
aken_reporting_service/main.go:53.30,60.4 6 0
aken_reporting_service/main.go:61.8,64.3 2 0
aken_reporting_service/main.go:67.2,67.39 1 0
aken_reporting_service/main.go:67.39,80.3 3 0
aken_reporting_service/main.go:83.2,83.67 1 0
aken_reporting_service/main.go:83.67,85.3 1 0
aken_reporting_service/main.go:88.2,88.45 1 0
aken_reporting_service/main.go:88.45,94.3 1 0
aken_reporting_service/main.go:97.2,100.33 2 0
aken_reporting_service/main.go:100.33,101.53 1 0
aken_reporting_service/main.go:101.53,111.4 2 0
aken_reporting_service/main.go:112.3,112.68 1 0
aken_reporting_service/main.go:115.2,116.16 2 0
aken_reporting_service/main.go:116.16,118.3 1 0
aken_reporting_service/main.go:120.2,128.56 8 0
aken_reporting_service/main.go:128.56,130.3 1 0
